<?xml version="1.0" encoding="UTF-8"?>
<testng-results skipped="0" failed="0" ignored="0" total="1" passed="1">
  <reporter-output>
  </reporter-output>
  <suite name="Main Test Suite" duration-ms="16914" started-at="2018-07-09T08:23:24Z" finished-at="2018-07-09T08:23:41Z">
    <groups>
    </groups>
    <test name="TestNG Test" duration-ms="16914" started-at="2018-07-09T08:23:24Z" finished-at="2018-07-09T08:23:41Z">
      <class name="Dockerization.practice.YourLogoTestNG">
        <test-method status="PASS" signature="signInToYourLogo()[pri:0, instance:Dockerization.practice.YourLogoTestNG@523884b2]" name="signInToYourLogo" duration-ms="16856" started-at="2018-07-09T08:23:24Z" finished-at="2018-07-09T08:23:41Z">
          <reporter-output>
          </reporter-output>
        </test-method> <!-- signInToYourLogo -->
      </class> <!-- Dockerization.practice.YourLogoTestNG -->
    </test> <!-- TestNG Test -->
  </suite> <!-- Main Test Suite -->
</testng-results>
